<?xml version="1.0" encoding="UTF-8"?>
<coverage generated="1556164625288" clover="3.2.0">
  <project timestamp="1556164625288" name="All files">
    <metrics statements="125" coveredstatements="112" conditionals="56" coveredconditionals="41" methods="22" coveredmethods="21" elements="203" coveredelements="174" complexity="0" loc="125" ncloc="125" packages="2" files="6" classes="6"/>
    <package name="src">
      <metrics statements="57" coveredstatements="49" conditionals="23" coveredconditionals="17" methods="10" coveredmethods="9"/>
      <file name="index.js" path="/Users/zhizhuo/development/toutiao_light/light_conf/src/index.js">
        <metrics statements="20" coveredstatements="18" conditionals="2" coveredconditionals="2" methods="6" coveredmethods="5"/>
        <line num="1" count="1" type="stmt"/>
        <line num="2" count="1" type="stmt"/>
        <line num="3" count="1" type="stmt"/>
        <line num="4" count="1" type="stmt"/>
        <line num="8" count="6" type="stmt"/>
        <line num="9" count="6" type="stmt"/>
        <line num="10" count="6" type="stmt"/>
        <line num="11" count="6" type="stmt"/>
        <line num="15" count="8" type="stmt"/>
        <line num="19" count="5" type="stmt"/>
        <line num="23" count="2" type="stmt"/>
        <line num="27" count="0" type="stmt"/>
        <line num="32" count="17" type="stmt"/>
        <line num="33" count="32" type="stmt"/>
        <line num="34" count="32" type="stmt"/>
        <line num="35" count="32" type="stmt"/>
        <line num="36" count="32" type="cond" truecount="2" falsecount="0"/>
        <line num="37" count="17" type="stmt"/>
        <line num="40" count="0" type="stmt"/>
        <line num="44" count="1" type="stmt"/>
      </file>
      <file name="utils.js" path="/Users/zhizhuo/development/toutiao_light/light_conf/src/utils.js">
        <metrics statements="37" coveredstatements="31" conditionals="21" coveredconditionals="15" methods="4" coveredmethods="4"/>
        <line num="2" count="18" type="stmt"/>
        <line num="3" count="18" type="stmt"/>
        <line num="4" count="18" type="stmt"/>
        <line num="5" count="25" type="stmt"/>
        <line num="6" count="25" type="stmt"/>
        <line num="7" count="25" type="stmt"/>
        <line num="8" count="25" type="cond" truecount="2" falsecount="0"/>
        <line num="9" count="18" type="stmt"/>
        <line num="11" count="7" type="cond" truecount="3" falsecount="1"/>
        <line num="13" count="7" type="stmt"/>
        <line num="15" count="7" type="stmt"/>
        <line num="21" count="55" type="stmt"/>
        <line num="23" count="55" type="stmt"/>
        <line num="24" count="55" type="stmt"/>
        <line num="25" count="78" type="stmt"/>
        <line num="26" count="78" type="stmt"/>
        <line num="27" count="78" type="stmt"/>
        <line num="28" count="78" type="cond" truecount="4" falsecount="0"/>
        <line num="29" count="6" type="stmt"/>
        <line num="32" count="72" type="cond" truecount="2" falsecount="0"/>
        <line num="33" count="49" type="stmt"/>
        <line num="35" count="23" type="stmt"/>
        <line num="38" count="49" type="stmt"/>
        <line num="42" count="35" type="stmt"/>
        <line num="46" count="140" type="stmt"/>
        <line num="47" count="140" type="cond" truecount="4" falsecount="5"/>
        <line num="49" count="0" type="stmt"/>
        <line num="51" count="77" type="stmt"/>
        <line num="53" count="1" type="stmt"/>
        <line num="55" count="0" type="stmt"/>
        <line num="57" count="16" type="stmt"/>
        <line num="59" count="0" type="stmt"/>
        <line num="61" count="0" type="stmt"/>
        <line num="63" count="46" type="stmt"/>
        <line num="65" count="0" type="stmt"/>
        <line num="66" count="0" type="stmt"/>
        <line num="71" count="4" type="stmt"/>
      </file>
    </package>
    <package name="src.storage">
      <metrics statements="68" coveredstatements="63" conditionals="33" coveredconditionals="24" methods="12" coveredmethods="12"/>
      <file name="base.js" path="/Users/zhizhuo/development/toutiao_light/light_conf/src/storage/base.js">
        <metrics statements="18" coveredstatements="14" conditionals="12" coveredconditionals="6" methods="3" coveredmethods="3"/>
        <line num="6" count="4" type="stmt"/>
        <line num="10" count="31" type="stmt"/>
        <line num="13" count="55" type="stmt"/>
        <line num="17" count="20" type="stmt"/>
        <line num="18" count="20" type="stmt"/>
        <line num="19" count="20" type="cond" truecount="1" falsecount="1"/>
        <line num="20" count="0" type="stmt"/>
        <line num="21" count="20" type="cond" truecount="2" falsecount="0"/>
        <line num="22" count="2" type="cond" truecount="1" falsecount="1"/>
        <line num="23" count="0" type="stmt"/>
        <line num="24" count="0" type="cond" truecount="0" falsecount="2"/>
        <line num="25" count="0" type="stmt"/>
        <line num="27" count="2" type="cond" truecount="1" falsecount="1"/>
        <line num="28" count="2" type="stmt"/>
        <line num="30" count="18" type="cond" truecount="1" falsecount="1"/>
        <line num="31" count="18" type="stmt"/>
        <line num="34" count="20" type="stmt"/>
        <line num="41" count="4" type="stmt"/>
      </file>
      <file name="default.js" path="/Users/zhizhuo/development/toutiao_light/light_conf/src/storage/default.js">
        <metrics statements="2" coveredstatements="2" conditionals="0" coveredconditionals="0" methods="0" coveredmethods="0"/>
        <line num="1" count="1" type="stmt"/>
        <line num="5" count="1" type="stmt"/>
      </file>
      <file name="env.js" path="/Users/zhizhuo/development/toutiao_light/light_conf/src/storage/env.js">
        <metrics statements="22" coveredstatements="22" conditionals="14" coveredconditionals="13" methods="5" coveredmethods="5"/>
        <line num="1" count="2" type="stmt"/>
        <line num="2" count="2" type="stmt"/>
        <line num="6" count="11" type="stmt"/>
        <line num="7" count="11" type="stmt"/>
        <line num="8" count="11" type="stmt"/>
        <line num="12" count="28" type="stmt"/>
        <line num="13" count="28" type="cond" truecount="2" falsecount="0"/>
        <line num="14" count="21" type="cond" truecount="2" falsecount="0"/>
        <line num="15" count="11" type="cond" truecount="2" falsecount="0"/>
        <line num="16" count="11" type="stmt"/>
        <line num="18" count="10" type="stmt"/>
        <line num="20" count="7" type="cond" truecount="1" falsecount="1"/>
        <line num="21" count="7" type="stmt"/>
        <line num="26" count="10" type="stmt"/>
        <line num="27" count="10" type="cond" truecount="2" falsecount="0"/>
        <line num="28" count="4" type="stmt"/>
        <line num="29" count="6" type="cond" truecount="4" falsecount="0"/>
        <line num="30" count="1" type="stmt"/>
        <line num="31" count="2" type="stmt"/>
        <line num="34" count="5" type="stmt"/>
        <line num="39" count="1" type="stmt"/>
        <line num="43" count="2" type="stmt"/>
      </file>
      <file name="file.js" path="/Users/zhizhuo/development/toutiao_light/light_conf/src/storage/file.js">
        <metrics statements="26" coveredstatements="25" conditionals="7" coveredconditionals="5" methods="4" coveredmethods="4"/>
        <line num="1" count="2" type="stmt"/>
        <line num="2" count="2" type="stmt"/>
        <line num="3" count="2" type="stmt"/>
        <line num="4" count="2" type="stmt"/>
        <line num="5" count="2" type="stmt"/>
        <line num="8" count="4" type="stmt"/>
        <line num="11" count="4" type="stmt"/>
        <line num="15" count="1" type="stmt"/>
        <line num="18" count="1" type="stmt"/>
        <line num="24" count="5" type="stmt"/>
        <line num="26" count="5" type="cond" truecount="2" falsecount="1"/>
        <line num="28" count="4" type="stmt"/>
        <line num="29" count="4" type="stmt"/>
        <line num="31" count="1" type="stmt"/>
        <line num="32" count="1" type="stmt"/>
        <line num="34" count="0" type="stmt"/>
        <line num="36" count="5" type="stmt"/>
        <line num="40" count="5" type="stmt"/>
        <line num="41" count="5" type="cond" truecount="2" falsecount="0"/>
        <line num="42" count="4" type="stmt"/>
        <line num="43" count="4" type="stmt"/>
        <line num="47" count="1" type="cond" truecount="1" falsecount="1"/>
        <line num="48" count="1" type="stmt"/>
        <line num="49" count="1" type="stmt"/>
        <line num="50" count="1" type="stmt"/>
        <line num="58" count="2" type="stmt"/>
      </file>
    </package>
  </project>
</coverage>
