{"/Users/zhizhuo/development/toutiao_light/light_conf/src/index.js": {"path":"/Users/zhizhuo/development/toutiao_light/light_conf/src/index.js","statementMap":{"0":{"start":{"line":1,"column":23},"end":{"line":1,"column":51}},"1":{"start":{"line":2,"column":19},"end":{"line":2,"column":43}},"2":{"start":{"line":3,"column":20},"end":{"line":3,"column":45}},"3":{"start":{"line":4,"column":20},"end":{"line":4,"column":38}},"4":{"start":{"line":8,"column":4},"end":{"line":8,"column":47}},"5":{"start":{"line":9,"column":4},"end":{"line":9,"column":39}},"6":{"start":{"line":10,"column":4},"end":{"line":10,"column":41}},"7":{"start":{"line":11,"column":4},"end":{"line":11,"column":49}},"8":{"start":{"line":15,"column":4},"end":{"line":15,"column":37}},"9":{"start":{"line":19,"column":4},"end":{"line":19,"column":34}},"10":{"start":{"line":23,"column":4},"end":{"line":23,"column":34}},"11":{"start":{"line":27,"column":4},"end":{"line":27,"column":35}},"12":{"start":{"line":32,"column":4},"end":{"line":39,"column":5}},"13":{"start":{"line":32,"column":17},"end":{"line":32,"column":18}},"14":{"start":{"line":32,"column":26},"end":{"line":32,"column":48}},"15":{"start":{"line":33,"column":25},"end":{"line":33,"column":43}},"16":{"start":{"line":34,"column":6},"end":{"line":34,"column":50}},"17":{"start":{"line":35,"column":19},"end":{"line":35,"column":31}},"18":{"start":{"line":36,"column":6},"end":{"line":38,"column":7}},"19":{"start":{"line":37,"column":8},"end":{"line":37,"column":19}},"20":{"start":{"line":40,"column":4},"end":{"line":40,"column":15}},"21":{"start":{"line":44,"column":0},"end":{"line":44,"column":22}}},"fnMap":{"0":{"name":"(anonymous_0)","decl":{"start":{"line":7,"column":2},"end":{"line":7,"column":3}},"loc":{"start":{"line":7,"column":16},"end":{"line":12,"column":3}},"line":7},"1":{"name":"(anonymous_1)","decl":{"start":{"line":14,"column":2},"end":{"line":14,"column":3}},"loc":{"start":{"line":14,"column":19},"end":{"line":16,"column":3}},"line":14},"2":{"name":"(anonymous_2)","decl":{"start":{"line":18,"column":2},"end":{"line":18,"column":3}},"loc":{"start":{"line":18,"column":15},"end":{"line":20,"column":3}},"line":18},"3":{"name":"(anonymous_3)","decl":{"start":{"line":22,"column":2},"end":{"line":22,"column":3}},"loc":{"start":{"line":22,"column":16},"end":{"line":24,"column":3}},"line":22},"4":{"name":"(anonymous_4)","decl":{"start":{"line":26,"column":2},"end":{"line":26,"column":3}},"loc":{"start":{"line":26,"column":20},"end":{"line":28,"column":3}},"line":26},"5":{"name":"(anonymous_5)","decl":{"start":{"line":30,"column":2},"end":{"line":30,"column":3}},"loc":{"start":{"line":30,"column":11},"end":{"line":41,"column":3}},"line":30}},"branchMap":{"0":{"loc":{"start":{"line":36,"column":6},"end":{"line":38,"column":7}},"type":"if","locations":[{"start":{"line":36,"column":6},"end":{"line":38,"column":7}},{"start":{"line":36,"column":6},"end":{"line":38,"column":7}}],"line":36}},"s":{"0":1,"1":1,"2":1,"3":1,"4":6,"5":6,"6":6,"7":6,"8":8,"9":5,"10":2,"11":0,"12":17,"13":17,"14":17,"15":32,"16":32,"17":32,"18":32,"19":17,"20":0,"21":1},"f":{"0":6,"1":8,"2":5,"3":2,"4":0,"5":17},"b":{"0":[17,15]},"_coverageSchema":"43e27e138ebf9cfc5966b082cf9a028302ed4184","hash":"19f81c96c93d994acd388574050c66d31e1bf896"}
,"/Users/zhizhuo/development/toutiao_light/light_conf/src/utils.js": {"path":"/Users/zhizhuo/development/toutiao_light/light_conf/src/utils.js","statementMap":{"0":{"start":{"line":2,"column":14},"end":{"line":2,"column":28}},"1":{"start":{"line":3,"column":10},"end":{"line":3,"column":13}},"2":{"start":{"line":4,"column":2},"end":{"line":17,"column":3}},"3":{"start":{"line":4,"column":15},"end":{"line":4,"column":16}},"4":{"start":{"line":4,"column":24},"end":{"line":4,"column":34}},"5":{"start":{"line":5,"column":14},"end":{"line":5,"column":20}},"6":{"start":{"line":6,"column":20},"end":{"line":6,"column":33}},"7":{"start":{"line":7,"column":17},"end":{"line":7,"column":30}},"8":{"start":{"line":8,"column":4},"end":{"line":16,"column":5}},"9":{"start":{"line":9,"column":6},"end":{"line":9,"column":19}},"10":{"start":{"line":11,"column":6},"end":{"line":14,"column":7}},"11":{"start":{"line":13,"column":8},"end":{"line":13,"column":18}},"12":{"start":{"line":15,"column":6},"end":{"line":15,"column":15}},"13":{"start":{"line":21,"column":14},"end":{"line":21,"column":28}},"14":{"start":{"line":23,"column":10},"end":{"line":23,"column":13}},"15":{"start":{"line":24,"column":2},"end":{"line":37,"column":3}},"16":{"start":{"line":24,"column":15},"end":{"line":24,"column":16}},"17":{"start":{"line":24,"column":24},"end":{"line":24,"column":34}},"18":{"start":{"line":25,"column":14},"end":{"line":25,"column":20}},"19":{"start":{"line":26,"column":20},"end":{"line":26,"column":33}},"20":{"start":{"line":27,"column":17},"end":{"line":27,"column":27}},"21":{"start":{"line":28,"column":4},"end":{"line":30,"column":5}},"22":{"start":{"line":29,"column":6},"end":{"line":29,"column":23}},"23":{"start":{"line":32,"column":4},"end":{"line":36,"column":5}},"24":{"start":{"line":33,"column":6},"end":{"line":33,"column":17}},"25":{"start":{"line":35,"column":6},"end":{"line":35,"column":15}},"26":{"start":{"line":38,"column":2},"end":{"line":38,"column":13}},"27":{"start":{"line":42,"column":2},"end":{"line":42,"column":42}},"28":{"start":{"line":46,"column":21},"end":{"line":46,"column":56}},"29":{"start":{"line":47,"column":2},"end":{"line":67,"column":3}},"30":{"start":{"line":49,"column":6},"end":{"line":49,"column":24}},"31":{"start":{"line":51,"column":6},"end":{"line":51,"column":22}},"32":{"start":{"line":53,"column":6},"end":{"line":53,"column":21}},"33":{"start":{"line":55,"column":6},"end":{"line":55,"column":24}},"34":{"start":{"line":57,"column":6},"end":{"line":57,"column":22}},"35":{"start":{"line":59,"column":6},"end":{"line":59,"column":22}},"36":{"start":{"line":61,"column":6},"end":{"line":61,"column":20}},"37":{"start":{"line":63,"column":6},"end":{"line":63,"column":25}},"38":{"start":{"line":65,"column":6},"end":{"line":65,"column":45}},"39":{"start":{"line":66,"column":6},"end":{"line":66,"column":38}},"40":{"start":{"line":71,"column":0},"end":{"line":76,"column":2}}},"fnMap":{"0":{"name":"setKey","decl":{"start":{"line":1,"column":9},"end":{"line":1,"column":15}},"loc":{"start":{"line":1,"column":33},"end":{"line":18,"column":1}},"line":1},"1":{"name":"getValue","decl":{"start":{"line":20,"column":9},"end":{"line":20,"column":17}},"loc":{"start":{"line":20,"column":28},"end":{"line":39,"column":1}},"line":20},"2":{"name":"getArgs","decl":{"start":{"line":41,"column":9},"end":{"line":41,"column":16}},"loc":{"start":{"line":41,"column":23},"end":{"line":43,"column":1}},"line":41},"3":{"name":"getType","decl":{"start":{"line":45,"column":9},"end":{"line":45,"column":16}},"loc":{"start":{"line":45,"column":22},"end":{"line":68,"column":1}},"line":45}},"branchMap":{"0":{"loc":{"start":{"line":8,"column":4},"end":{"line":16,"column":5}},"type":"if","locations":[{"start":{"line":8,"column":4},"end":{"line":16,"column":5}},{"start":{"line":8,"column":4},"end":{"line":16,"column":5}}],"line":8},"1":{"loc":{"start":{"line":11,"column":6},"end":{"line":14,"column":7}},"type":"if","locations":[{"start":{"line":11,"column":6},"end":{"line":14,"column":7}},{"start":{"line":11,"column":6},"end":{"line":14,"column":7}}],"line":11},"2":{"loc":{"start":{"line":11,"column":10},"end":{"line":11,"column":47}},"type":"binary-expr","locations":[{"start":{"line":11,"column":10},"end":{"line":11,"column":26}},{"start":{"line":11,"column":30},"end":{"line":11,"column":47}}],"line":11},"3":{"loc":{"start":{"line":28,"column":4},"end":{"line":30,"column":5}},"type":"if","locations":[{"start":{"line":28,"column":4},"end":{"line":30,"column":5}},{"start":{"line":28,"column":4},"end":{"line":30,"column":5}}],"line":28},"4":{"loc":{"start":{"line":28,"column":8},"end":{"line":28,"column":45}},"type":"binary-expr","locations":[{"start":{"line":28,"column":8},"end":{"line":28,"column":25}},{"start":{"line":28,"column":29},"end":{"line":28,"column":45}}],"line":28},"5":{"loc":{"start":{"line":32,"column":4},"end":{"line":36,"column":5}},"type":"if","locations":[{"start":{"line":32,"column":4},"end":{"line":36,"column":5}},{"start":{"line":32,"column":4},"end":{"line":36,"column":5}}],"line":32},"6":{"loc":{"start":{"line":47,"column":2},"end":{"line":67,"column":3}},"type":"switch","locations":[{"start":{"line":48,"column":4},"end":{"line":49,"column":24}},{"start":{"line":50,"column":4},"end":{"line":51,"column":22}},{"start":{"line":52,"column":4},"end":{"line":53,"column":21}},{"start":{"line":54,"column":4},"end":{"line":55,"column":24}},{"start":{"line":56,"column":4},"end":{"line":57,"column":22}},{"start":{"line":58,"column":4},"end":{"line":59,"column":22}},{"start":{"line":60,"column":4},"end":{"line":61,"column":20}},{"start":{"line":62,"column":4},"end":{"line":63,"column":25}},{"start":{"line":64,"column":4},"end":{"line":66,"column":38}}],"line":47}},"s":{"0":18,"1":18,"2":18,"3":18,"4":18,"5":25,"6":25,"7":25,"8":25,"9":18,"10":7,"11":7,"12":7,"13":55,"14":55,"15":55,"16":55,"17":55,"18":78,"19":78,"20":78,"21":78,"22":6,"23":72,"24":49,"25":23,"26":49,"27":35,"28":140,"29":140,"30":0,"31":77,"32":1,"33":0,"34":16,"35":0,"36":0,"37":46,"38":0,"39":0,"40":4},"f":{"0":18,"1":55,"2":35,"3":140},"b":{"0":[18,7],"1":[7,0],"2":[7,7],"3":[6,72],"4":[78,6],"5":[49,23],"6":[0,77,1,0,16,0,0,46,0]},"_coverageSchema":"43e27e138ebf9cfc5966b082cf9a028302ed4184","hash":"e133330377a51c3b726de5a8bdd5a8bf45f20c75"}
,"/Users/zhizhuo/development/toutiao_light/light_conf/src/storage/base.js": {"path":"/Users/zhizhuo/development/toutiao_light/light_conf/src/storage/base.js","statementMap":{"0":{"start":{"line":6,"column":4},"end":{"line":6,"column":23}},"1":{"start":{"line":10,"column":4},"end":{"line":10,"column":22}},"2":{"start":{"line":13,"column":4},"end":{"line":13,"column":39}},"3":{"start":{"line":17,"column":14},"end":{"line":17,"column":16}},"4":{"start":{"line":18,"column":17},"end":{"line":18,"column":35}},"5":{"start":{"line":19,"column":4},"end":{"line":32,"column":5}},"6":{"start":{"line":20,"column":6},"end":{"line":20,"column":13}},"7":{"start":{"line":21,"column":11},"end":{"line":32,"column":5}},"8":{"start":{"line":22,"column":6},"end":{"line":29,"column":7}},"9":{"start":{"line":23,"column":18},"end":{"line":23,"column":27}},"10":{"start":{"line":24,"column":8},"end":{"line":26,"column":9}},"11":{"start":{"line":25,"column":10},"end":{"line":25,"column":18}},"12":{"start":{"line":27,"column":13},"end":{"line":29,"column":7}},"13":{"start":{"line":28,"column":8},"end":{"line":28,"column":22}},"14":{"start":{"line":30,"column":11},"end":{"line":32,"column":5}},"15":{"start":{"line":31,"column":6},"end":{"line":31,"column":45}},"16":{"start":{"line":34,"column":4},"end":{"line":37,"column":6}},"17":{"start":{"line":41,"column":0},"end":{"line":41,"column":29}}},"fnMap":{"0":{"name":"(anonymous_0)","decl":{"start":{"line":9,"column":2},"end":{"line":9,"column":3}},"loc":{"start":{"line":9,"column":16},"end":{"line":11,"column":3}},"line":9},"1":{"name":"(anonymous_1)","decl":{"start":{"line":12,"column":2},"end":{"line":12,"column":3}},"loc":{"start":{"line":12,"column":11},"end":{"line":14,"column":3}},"line":12},"2":{"name":"(anonymous_2)","decl":{"start":{"line":16,"column":2},"end":{"line":16,"column":3}},"loc":{"start":{"line":16,"column":8},"end":{"line":38,"column":3}},"line":16}},"branchMap":{"0":{"loc":{"start":{"line":19,"column":4},"end":{"line":32,"column":5}},"type":"if","locations":[{"start":{"line":19,"column":4},"end":{"line":32,"column":5}},{"start":{"line":19,"column":4},"end":{"line":32,"column":5}}],"line":19},"1":{"loc":{"start":{"line":21,"column":11},"end":{"line":32,"column":5}},"type":"if","locations":[{"start":{"line":21,"column":11},"end":{"line":32,"column":5}},{"start":{"line":21,"column":11},"end":{"line":32,"column":5}}],"line":21},"2":{"loc":{"start":{"line":22,"column":6},"end":{"line":29,"column":7}},"type":"if","locations":[{"start":{"line":22,"column":6},"end":{"line":29,"column":7}},{"start":{"line":22,"column":6},"end":{"line":29,"column":7}}],"line":22},"3":{"loc":{"start":{"line":24,"column":8},"end":{"line":26,"column":9}},"type":"if","locations":[{"start":{"line":24,"column":8},"end":{"line":26,"column":9}},{"start":{"line":24,"column":8},"end":{"line":26,"column":9}}],"line":24},"4":{"loc":{"start":{"line":27,"column":13},"end":{"line":29,"column":7}},"type":"if","locations":[{"start":{"line":27,"column":13},"end":{"line":29,"column":7}},{"start":{"line":27,"column":13},"end":{"line":29,"column":7}}],"line":27},"5":{"loc":{"start":{"line":30,"column":11},"end":{"line":32,"column":5}},"type":"if","locations":[{"start":{"line":30,"column":11},"end":{"line":32,"column":5}},{"start":{"line":30,"column":11},"end":{"line":32,"column":5}}],"line":30}},"s":{"0":4,"1":31,"2":55,"3":20,"4":20,"5":20,"6":0,"7":20,"8":2,"9":0,"10":0,"11":0,"12":2,"13":2,"14":18,"15":18,"16":20,"17":4},"f":{"0":31,"1":55,"2":20},"b":{"0":[0,20],"1":[2,18],"2":[0,2],"3":[0,0],"4":[2,0],"5":[18,0]},"_coverageSchema":"43e27e138ebf9cfc5966b082cf9a028302ed4184","hash":"c418ff88c9cd0f714cc0aafd48eb62bc3f568ccd"}
,"/Users/zhizhuo/development/toutiao_light/light_conf/src/storage/default.js": {"path":"/Users/zhizhuo/development/toutiao_light/light_conf/src/storage/default.js","statementMap":{"0":{"start":{"line":1,"column":20},"end":{"line":1,"column":37}},"1":{"start":{"line":5,"column":0},"end":{"line":5,"column":31}}},"fnMap":{},"branchMap":{},"s":{"0":1,"1":1},"f":{},"b":{},"_coverageSchema":"43e27e138ebf9cfc5966b082cf9a028302ed4184","hash":"977fa30c305dd38f91f25c901085917cb2befafb"}
,"/Users/zhizhuo/development/toutiao_light/light_conf/src/storage/env.js": {"path":"/Users/zhizhuo/development/toutiao_light/light_conf/src/storage/env.js","statementMap":{"0":{"start":{"line":1,"column":20},"end":{"line":1,"column":37}},"1":{"start":{"line":2,"column":29},"end":{"line":2,"column":48}},"2":{"start":{"line":6,"column":4},"end":{"line":6,"column":12}},"3":{"start":{"line":7,"column":4},"end":{"line":7,"column":21}},"4":{"start":{"line":8,"column":4},"end":{"line":8,"column":25}},"5":{"start":{"line":12,"column":16},"end":{"line":12,"column":30}},"6":{"start":{"line":13,"column":4},"end":{"line":22,"column":5}},"7":{"start":{"line":14,"column":6},"end":{"line":17,"column":7}},"8":{"start":{"line":15,"column":23},"end":{"line":15,"column":82}},"9":{"start":{"line":16,"column":8},"end":{"line":16,"column":35}},"10":{"start":{"line":18,"column":6},"end":{"line":18,"column":19}},"11":{"start":{"line":20,"column":21},"end":{"line":20,"column":84}},"12":{"start":{"line":21,"column":6},"end":{"line":21,"column":33}},"13":{"start":{"line":26,"column":17},"end":{"line":26,"column":35}},"14":{"start":{"line":27,"column":4},"end":{"line":35,"column":5}},"15":{"start":{"line":28,"column":6},"end":{"line":28,"column":26}},"16":{"start":{"line":29,"column":11},"end":{"line":35,"column":5}},"17":{"start":{"line":30,"column":6},"end":{"line":32,"column":9}},"18":{"start":{"line":31,"column":8},"end":{"line":31,"column":28}},"19":{"start":{"line":34,"column":6},"end":{"line":34,"column":24}},"20":{"start":{"line":39,"column":4},"end":{"line":39,"column":22}},"21":{"start":{"line":43,"column":0},"end":{"line":43,"column":28}}},"fnMap":{"0":{"name":"(anonymous_0)","decl":{"start":{"line":5,"column":2},"end":{"line":5,"column":3}},"loc":{"start":{"line":5,"column":16},"end":{"line":9,"column":3}},"line":5},"1":{"name":"(anonymous_1)","decl":{"start":{"line":11,"column":2},"end":{"line":11,"column":3}},"loc":{"start":{"line":11,"column":11},"end":{"line":23,"column":3}},"line":11},"2":{"name":"(anonymous_2)","decl":{"start":{"line":25,"column":2},"end":{"line":25,"column":3}},"loc":{"start":{"line":25,"column":9},"end":{"line":36,"column":3}},"line":25},"3":{"name":"(anonymous_3)","decl":{"start":{"line":30,"column":22},"end":{"line":30,"column":23}},"loc":{"start":{"line":30,"column":27},"end":{"line":32,"column":7}},"line":30},"4":{"name":"(anonymous_4)","decl":{"start":{"line":38,"column":2},"end":{"line":38,"column":3}},"loc":{"start":{"line":38,"column":17},"end":{"line":40,"column":3}},"line":38}},"branchMap":{"0":{"loc":{"start":{"line":13,"column":4},"end":{"line":22,"column":5}},"type":"if","locations":[{"start":{"line":13,"column":4},"end":{"line":22,"column":5}},{"start":{"line":13,"column":4},"end":{"line":22,"column":5}}],"line":13},"1":{"loc":{"start":{"line":14,"column":6},"end":{"line":17,"column":7}},"type":"if","locations":[{"start":{"line":14,"column":6},"end":{"line":17,"column":7}},{"start":{"line":14,"column":6},"end":{"line":17,"column":7}}],"line":14},"2":{"loc":{"start":{"line":15,"column":24},"end":{"line":15,"column":67}},"type":"cond-expr","locations":[{"start":{"line":15,"column":38},"end":{"line":15,"column":61}},{"start":{"line":15,"column":64},"end":{"line":15,"column":67}}],"line":15},"3":{"loc":{"start":{"line":20,"column":22},"end":{"line":20,"column":69}},"type":"cond-expr","locations":[{"start":{"line":20,"column":36},"end":{"line":20,"column":61}},{"start":{"line":20,"column":64},"end":{"line":20,"column":69}}],"line":20},"4":{"loc":{"start":{"line":27,"column":4},"end":{"line":35,"column":5}},"type":"if","locations":[{"start":{"line":27,"column":4},"end":{"line":35,"column":5}},{"start":{"line":27,"column":4},"end":{"line":35,"column":5}}],"line":27},"5":{"loc":{"start":{"line":29,"column":11},"end":{"line":35,"column":5}},"type":"if","locations":[{"start":{"line":29,"column":11},"end":{"line":35,"column":5}},{"start":{"line":29,"column":11},"end":{"line":35,"column":5}}],"line":29},"6":{"loc":{"start":{"line":29,"column":15},"end":{"line":29,"column":64}},"type":"binary-expr","locations":[{"start":{"line":29,"column":15},"end":{"line":29,"column":32}},{"start":{"line":29,"column":36},"end":{"line":29,"column":64}}],"line":29}},"s":{"0":2,"1":2,"2":11,"3":11,"4":11,"5":28,"6":28,"7":21,"8":11,"9":11,"10":10,"11":7,"12":7,"13":10,"14":10,"15":4,"16":6,"17":1,"18":2,"19":5,"20":1,"21":2},"f":{"0":11,"1":28,"2":10,"3":2,"4":1},"b":{"0":[21,7],"1":[11,10],"2":[2,9],"3":[0,7],"4":[4,6],"5":[1,5],"6":[6,1]},"_coverageSchema":"43e27e138ebf9cfc5966b082cf9a028302ed4184","hash":"1f61def286a8cb7564ddf1c67e0fdda5138103b4"}
,"/Users/zhizhuo/development/toutiao_light/light_conf/src/storage/file.js": {"path":"/Users/zhizhuo/development/toutiao_light/light_conf/src/storage/file.js","statementMap":{"0":{"start":{"line":1,"column":20},"end":{"line":1,"column":39}},"1":{"start":{"line":2,"column":20},"end":{"line":2,"column":37}},"2":{"start":{"line":3,"column":11},"end":{"line":3,"column":24}},"3":{"start":{"line":4,"column":13},"end":{"line":4,"column":28}},"4":{"start":{"line":5,"column":13},"end":{"line":5,"column":28}},"5":{"start":{"line":8,"column":18},"end":{"line":10,"column":4}},"6":{"start":{"line":11,"column":2},"end":{"line":11,"column":29}},"7":{"start":{"line":15,"column":18},"end":{"line":17,"column":4}},"8":{"start":{"line":18,"column":2},"end":{"line":18,"column":29}},"9":{"start":{"line":24,"column":16},"end":{"line":24,"column":38}},"10":{"start":{"line":26,"column":4},"end":{"line":35,"column":5}},"11":{"start":{"line":28,"column":8},"end":{"line":28,"column":44}},"12":{"start":{"line":29,"column":8},"end":{"line":29,"column":14}},"13":{"start":{"line":31,"column":8},"end":{"line":31,"column":44}},"14":{"start":{"line":32,"column":8},"end":{"line":32,"column":14}},"15":{"start":{"line":34,"column":8},"end":{"line":34,"column":52}},"16":{"start":{"line":36,"column":4},"end":{"line":36,"column":22}},"17":{"start":{"line":40,"column":17},"end":{"line":40,"column":35}},"18":{"start":{"line":41,"column":4},"end":{"line":54,"column":5}},"19":{"start":{"line":42,"column":21},"end":{"line":42,"column":50}},"20":{"start":{"line":43,"column":6},"end":{"line":46,"column":8}},"21":{"start":{"line":47,"column":11},"end":{"line":54,"column":5}},"22":{"start":{"line":48,"column":30},"end":{"line":48,"column":34}},"23":{"start":{"line":49,"column":21},"end":{"line":49,"column":51}},"24":{"start":{"line":50,"column":6},"end":{"line":53,"column":8}},"25":{"start":{"line":58,"column":0},"end":{"line":58,"column":29}}},"fnMap":{"0":{"name":"readJsonSync","decl":{"start":{"line":7,"column":9},"end":{"line":7,"column":21}},"loc":{"start":{"line":7,"column":32},"end":{"line":12,"column":1}},"line":7},"1":{"name":"readYamlSync","decl":{"start":{"line":14,"column":9},"end":{"line":14,"column":21}},"loc":{"start":{"line":14,"column":32},"end":{"line":19,"column":1}},"line":14},"2":{"name":"(anonymous_2)","decl":{"start":{"line":23,"column":2},"end":{"line":23,"column":3}},"loc":{"start":{"line":23,"column":28},"end":{"line":37,"column":3}},"line":23},"3":{"name":"(anonymous_3)","decl":{"start":{"line":39,"column":2},"end":{"line":39,"column":3}},"loc":{"start":{"line":39,"column":8},"end":{"line":55,"column":3}},"line":39}},"branchMap":{"0":{"loc":{"start":{"line":26,"column":4},"end":{"line":35,"column":5}},"type":"switch","locations":[{"start":{"line":27,"column":6},"end":{"line":29,"column":14}},{"start":{"line":30,"column":6},"end":{"line":32,"column":14}},{"start":{"line":33,"column":6},"end":{"line":34,"column":52}}],"line":26},"1":{"loc":{"start":{"line":41,"column":4},"end":{"line":54,"column":5}},"type":"if","locations":[{"start":{"line":41,"column":4},"end":{"line":54,"column":5}},{"start":{"line":41,"column":4},"end":{"line":54,"column":5}}],"line":41},"2":{"loc":{"start":{"line":47,"column":11},"end":{"line":54,"column":5}},"type":"if","locations":[{"start":{"line":47,"column":11},"end":{"line":54,"column":5}},{"start":{"line":47,"column":11},"end":{"line":54,"column":5}}],"line":47}},"s":{"0":2,"1":2,"2":2,"3":2,"4":2,"5":4,"6":4,"7":1,"8":1,"9":5,"10":5,"11":4,"12":4,"13":1,"14":1,"15":0,"16":5,"17":5,"18":5,"19":4,"20":4,"21":1,"22":1,"23":1,"24":1,"25":2},"f":{"0":4,"1":1,"2":5,"3":5},"b":{"0":[4,1,0],"1":[4,1],"2":[1,0]},"_coverageSchema":"43e27e138ebf9cfc5966b082cf9a028302ed4184","hash":"50815f8d4c3e319678967bf17bf689b5a2152cdf"}
}
