TN:
SF:/Users/zhizhuo/development/toutiao_light/light_conf/src/index.js
FN:7,(anonymous_0)
FN:14,(anonymous_1)
FN:18,(anonymous_2)
FN:22,(anonymous_3)
FN:26,(anonymous_4)
FN:30,(anonymous_5)
FNF:6
FNH:5
FNDA:6,(anonymous_0)
FNDA:8,(anonymous_1)
FNDA:5,(anonymous_2)
FNDA:2,(anonymous_3)
FNDA:0,(anonymous_4)
FNDA:17,(anonymous_5)
DA:1,1
DA:2,1
DA:3,1
DA:4,1
DA:8,6
DA:9,6
DA:10,6
DA:11,6
DA:15,8
DA:19,5
DA:23,2
DA:27,0
DA:32,17
DA:33,32
DA:34,32
DA:35,32
DA:36,32
DA:37,17
DA:40,0
DA:44,1
LF:20
LH:18
BRDA:36,0,0,17
BRDA:36,0,1,15
BRF:2
BRH:2
end_of_record
TN:
SF:/Users/zhizhuo/development/toutiao_light/light_conf/src/utils.js
FN:1,setKey
FN:20,getValue
FN:41,getArgs
FN:45,getType
FNF:4
FNH:4
FNDA:18,setKey
FNDA:55,getValue
FNDA:35,getArgs
FNDA:140,getType
DA:2,18
DA:3,18
DA:4,18
DA:5,25
DA:6,25
DA:7,25
DA:8,25
DA:9,18
DA:11,7
DA:13,7
DA:15,7
DA:21,55
DA:23,55
DA:24,55
DA:25,78
DA:26,78
DA:27,78
DA:28,78
DA:29,6
DA:32,72
DA:33,49
DA:35,23
DA:38,49
DA:42,35
DA:46,140
DA:47,140
DA:49,0
DA:51,77
DA:53,1
DA:55,0
DA:57,16
DA:59,0
DA:61,0
DA:63,46
DA:65,0
DA:66,0
DA:71,4
LF:37
LH:31
BRDA:8,0,0,18
BRDA:8,0,1,7
BRDA:11,1,0,7
BRDA:11,1,1,0
BRDA:11,2,0,7
BRDA:11,2,1,7
BRDA:28,3,0,6
BRDA:28,3,1,72
BRDA:28,4,0,78
BRDA:28,4,1,6
BRDA:32,5,0,49
BRDA:32,5,1,23
BRDA:47,6,0,0
BRDA:47,6,1,77
BRDA:47,6,2,1
BRDA:47,6,3,0
BRDA:47,6,4,16
BRDA:47,6,5,0
BRDA:47,6,6,0
BRDA:47,6,7,46
BRDA:47,6,8,0
BRF:21
BRH:15
end_of_record
TN:
SF:/Users/zhizhuo/development/toutiao_light/light_conf/src/storage/base.js
FN:9,(anonymous_0)
FN:12,(anonymous_1)
FN:16,(anonymous_2)
FNF:3
FNH:3
FNDA:31,(anonymous_0)
FNDA:55,(anonymous_1)
FNDA:20,(anonymous_2)
DA:6,4
DA:10,31
DA:13,55
DA:17,20
DA:18,20
DA:19,20
DA:20,0
DA:21,20
DA:22,2
DA:23,0
DA:24,0
DA:25,0
DA:27,2
DA:28,2
DA:30,18
DA:31,18
DA:34,20
DA:41,4
LF:18
LH:14
BRDA:19,0,0,0
BRDA:19,0,1,20
BRDA:21,1,0,2
BRDA:21,1,1,18
BRDA:22,2,0,0
BRDA:22,2,1,2
BRDA:24,3,0,0
BRDA:24,3,1,0
BRDA:27,4,0,2
BRDA:27,4,1,0
BRDA:30,5,0,18
BRDA:30,5,1,0
BRF:12
BRH:6
end_of_record
TN:
SF:/Users/zhizhuo/development/toutiao_light/light_conf/src/storage/default.js
FNF:0
FNH:0
DA:1,1
DA:5,1
LF:2
LH:2
BRF:0
BRH:0
end_of_record
TN:
SF:/Users/zhizhuo/development/toutiao_light/light_conf/src/storage/env.js
FN:5,(anonymous_0)
FN:11,(anonymous_1)
FN:25,(anonymous_2)
FN:30,(anonymous_3)
FN:38,(anonymous_4)
FNF:5
FNH:5
FNDA:11,(anonymous_0)
FNDA:28,(anonymous_1)
FNDA:10,(anonymous_2)
FNDA:2,(anonymous_3)
FNDA:1,(anonymous_4)
DA:1,2
DA:2,2
DA:6,11
DA:7,11
DA:8,11
DA:12,28
DA:13,28
DA:14,21
DA:15,11
DA:16,11
DA:18,10
DA:20,7
DA:21,7
DA:26,10
DA:27,10
DA:28,4
DA:29,6
DA:30,1
DA:31,2
DA:34,5
DA:39,1
DA:43,2
LF:22
LH:22
BRDA:13,0,0,21
BRDA:13,0,1,7
BRDA:14,1,0,11
BRDA:14,1,1,10
BRDA:15,2,0,2
BRDA:15,2,1,9
BRDA:20,3,0,0
BRDA:20,3,1,7
BRDA:27,4,0,4
BRDA:27,4,1,6
BRDA:29,5,0,1
BRDA:29,5,1,5
BRDA:29,6,0,6
BRDA:29,6,1,1
BRF:14
BRH:13
end_of_record
TN:
SF:/Users/zhizhuo/development/toutiao_light/light_conf/src/storage/file.js
FN:7,readJsonSync
FN:14,readYamlSync
FN:23,(anonymous_2)
FN:39,(anonymous_3)
FNF:4
FNH:4
FNDA:4,readJsonSync
FNDA:1,readYamlSync
FNDA:5,(anonymous_2)
FNDA:5,(anonymous_3)
DA:1,2
DA:2,2
DA:3,2
DA:4,2
DA:5,2
DA:8,4
DA:11,4
DA:15,1
DA:18,1
DA:24,5
DA:26,5
DA:28,4
DA:29,4
DA:31,1
DA:32,1
DA:34,0
DA:36,5
DA:40,5
DA:41,5
DA:42,4
DA:43,4
DA:47,1
DA:48,1
DA:49,1
DA:50,1
DA:58,2
LF:26
LH:25
BRDA:26,0,0,4
BRDA:26,0,1,1
BRDA:26,0,2,0
BRDA:41,1,0,4
BRDA:41,1,1,1
BRDA:47,2,0,1
BRDA:47,2,1,0
BRF:7
BRH:5
end_of_record
